{"C:\\Users\\bahae\\OneDrive\\Bureau\\Ellty\\ellty-test-2\\backend\\src\\app.ts": {"path":"C:\\Users\\bahae\\OneDrive\\Bureau\\Ellty\\ellty-test-2\\backend\\src\\app.ts","statementMap":{"0":{"start":{"line":1,"column":0},"end":{"line":1,"column":30}},"1":{"start":{"line":2,"column":0},"end":{"line":2,"column":24}},"2":{"start":{"line":3,"column":0},"end":{"line":3,"column":28}},"3":{"start":{"line":5,"column":0},"end":{"line":5,"column":16}},"4":{"start":{"line":7,"column":0},"end":{"line":7,"column":39}},"5":{"start":{"line":8,"column":0},"end":{"line":8,"column":41}},"6":{"start":{"line":10,"column":12},"end":{"line":10,"column":21}},"7":{"start":{"line":11,"column":0},"end":{"line":11,"column":16}},"8":{"start":{"line":12,"column":0},"end":{"line":12,"column":24}},"9":{"start":{"line":14,"column":0},"end":{"line":14,"column":29}},"10":{"start":{"line":15,"column":0},"end":{"line":15,"column":31}},"11":{"start":{"line":17,"column":0},"end":{"line":17,"column":19}}},"fnMap":{},"branchMap":{},"s":{"0":2,"1":2,"2":2,"3":2,"4":2,"5":2,"6":2,"7":2,"8":2,"9":2,"10":2,"11":2},"f":{},"b":{}}
,"C:\\Users\\bahae\\OneDrive\\Bureau\\Ellty\\ellty-test-2\\backend\\src\\prisma.ts": {"path":"C:\\Users\\bahae\\OneDrive\\Bureau\\Ellty\\ellty-test-2\\backend\\src\\prisma.ts","statementMap":{"0":{"start":{"line":1,"column":0},"end":{"line":1,"column":46}},"1":{"start":{"line":3,"column":15},"end":{"line":3,"column":33}},"2":{"start":{"line":5,"column":0},"end":{"line":5,"column":22}}},"fnMap":{},"branchMap":{},"s":{"0":2,"1":2,"2":2},"f":{},"b":{}}
,"C:\\Users\\bahae\\OneDrive\\Bureau\\Ellty\\ellty-test-2\\backend\\src\\server.ts": {"path":"C:\\Users\\bahae\\OneDrive\\Bureau\\Ellty\\ellty-test-2\\backend\\src\\server.ts","statementMap":{"0":{"start":{"line":1,"column":0},"end":{"line":1,"column":24}},"1":{"start":{"line":3,"column":13},"end":{"line":3,"column":37}},"2":{"start":{"line":4,"column":0},"end":{"line":6,"column":3}},"3":{"start":{"line":5,"column":2},"end":{"line":5,"column":61}}},"fnMap":{"0":{"name":"(anonymous_1)","decl":{"start":{"line":4,"column":17},"end":{"line":4,"column":20}},"loc":{"start":{"line":4,"column":22},"end":{"line":6,"column":1}}}},"branchMap":{"0":{"loc":{"start":{"line":3,"column":13},"end":{"line":3,"column":37}},"type":"binary-expr","locations":[{"start":{"line":3,"column":13},"end":{"line":3,"column":29}},{"start":{"line":3,"column":33},"end":{"line":3,"column":37}}]}},"s":{"0":0,"1":0,"2":0,"3":0},"f":{"0":0},"b":{"0":[0,0]}}
,"C:\\Users\\bahae\\OneDrive\\Bureau\\Ellty\\ellty-test-2\\backend\\src\\middleware\\auth.ts": {"path":"C:\\Users\\bahae\\OneDrive\\Bureau\\Ellty\\ellty-test-2\\backend\\src\\middleware\\auth.ts","statementMap":{"0":{"start":{"line":11,"column":0},"end":{"line":11,"column":16}},"1":{"start":{"line":2,"column":0},"end":{"line":2,"column":31}},"2":{"start":{"line":3,"column":0},"end":{"line":3,"column":28}},"3":{"start":{"line":4,"column":0},"end":{"line":4,"column":16}},"4":{"start":{"line":5,"column":19},"end":{"line":5,"column":53}},"5":{"start":{"line":12,"column":15},"end":{"line":12,"column":40}},"6":{"start":{"line":13,"column":2},"end":{"line":13,"column":84}},"7":{"start":{"line":13,"column":13},"end":{"line":13,"column":84}},"8":{"start":{"line":14,"column":16},"end":{"line":14,"column":34}},"9":{"start":{"line":15,"column":2},"end":{"line":15,"column":85}},"10":{"start":{"line":15,"column":14},"end":{"line":15,"column":85}},"11":{"start":{"line":16,"column":2},"end":{"line":22,"column":3}},"12":{"start":{"line":17,"column":20},"end":{"line":17,"column":56}},"13":{"start":{"line":18,"column":4},"end":{"line":18,"column":32}},"14":{"start":{"line":19,"column":4},"end":{"line":19,"column":11}},"15":{"start":{"line":21,"column":4},"end":{"line":21,"column":60}}},"fnMap":{"0":{"name":"requireAuth","decl":{"start":{"line":11,"column":16},"end":{"line":11,"column":27}},"loc":{"start":{"line":11,"column":79},"end":{"line":23,"column":1}}}},"branchMap":{"0":{"loc":{"start":{"line":5,"column":19},"end":{"line":5,"column":53}},"type":"binary-expr","locations":[{"start":{"line":5,"column":19},"end":{"line":5,"column":41}},{"start":{"line":5,"column":45},"end":{"line":5,"column":53}}]},"1":{"loc":{"start":{"line":13,"column":2},"end":{"line":13,"column":84}},"type":"if","locations":[{"start":{"line":13,"column":2},"end":{"line":13,"column":84}},{"start":{},"end":{}}]},"2":{"loc":{"start":{"line":15,"column":2},"end":{"line":15,"column":85}},"type":"if","locations":[{"start":{"line":15,"column":2},"end":{"line":15,"column":85}},{"start":{},"end":{}}]}},"s":{"0":2,"1":2,"2":2,"3":2,"4":2,"5":1,"6":1,"7":0,"8":1,"9":1,"10":0,"11":1,"12":1,"13":1,"14":1,"15":0},"f":{"0":1},"b":{"0":[2,0],"1":[0,1],"2":[0,1]}}
,"C:\\Users\\bahae\\OneDrive\\Bureau\\Ellty\\ellty-test-2\\backend\\src\\routes\\auth.ts": {"path":"C:\\Users\\bahae\\OneDrive\\Bureau\\Ellty\\ellty-test-2\\backend\\src\\routes\\auth.ts","statementMap":{"0":{"start":{"line":1,"column":0},"end":{"line":1,"column":33}},"1":{"start":{"line":2,"column":0},"end":{"line":2,"column":28}},"2":{"start":{"line":3,"column":0},"end":{"line":3,"column":31}},"3":{"start":{"line":4,"column":0},"end":{"line":4,"column":31}},"4":{"start":{"line":5,"column":0},"end":{"line":5,"column":28}},"5":{"start":{"line":6,"column":0},"end":{"line":6,"column":16}},"6":{"start":{"line":8,"column":19},"end":{"line":8,"column":53}},"7":{"start":{"line":9,"column":15},"end":{"line":9,"column":23}},"8":{"start":{"line":11,"column":0},"end":{"line":19,"column":3}},"9":{"start":{"line":12,"column":33},"end":{"line":12,"column":41}},"10":{"start":{"line":13,"column":2},"end":{"line":13,"column":103}},"11":{"start":{"line":13,"column":30},"end":{"line":13,"column":103}},"12":{"start":{"line":14,"column":17},"end":{"line":14,"column":70}},"13":{"start":{"line":15,"column":2},"end":{"line":15,"column":80}},"14":{"start":{"line":15,"column":14},"end":{"line":15,"column":80}},"15":{"start":{"line":16,"column":15},"end":{"line":16,"column":46}},"16":{"start":{"line":17,"column":15},"end":{"line":17,"column":79}},"17":{"start":{"line":18,"column":2},"end":{"line":18,"column":86}},"18":{"start":{"line":21,"column":0},"end":{"line":30,"column":3}},"19":{"start":{"line":22,"column":33},"end":{"line":22,"column":41}},"20":{"start":{"line":23,"column":2},"end":{"line":23,"column":103}},"21":{"start":{"line":23,"column":30},"end":{"line":23,"column":103}},"22":{"start":{"line":24,"column":15},"end":{"line":24,"column":68}},"23":{"start":{"line":25,"column":2},"end":{"line":25,"column":75}},"24":{"start":{"line":25,"column":13},"end":{"line":25,"column":75}},"25":{"start":{"line":26,"column":13},"end":{"line":26,"column":58}},"26":{"start":{"line":27,"column":2},"end":{"line":27,"column":73}},"27":{"start":{"line":27,"column":11},"end":{"line":27,"column":73}},"28":{"start":{"line":28,"column":16},"end":{"line":28,"column":103}},"29":{"start":{"line":29,"column":2},"end":{"line":29,"column":22}},"30":{"start":{"line":32,"column":0},"end":{"line":32,"column":22}}},"fnMap":{"0":{"name":"(anonymous_1)","decl":{"start":{"line":11,"column":25},"end":{"line":11,"column":30}},"loc":{"start":{"line":11,"column":44},"end":{"line":19,"column":1}}},"1":{"name":"(anonymous_2)","decl":{"start":{"line":21,"column":22},"end":{"line":21,"column":27}},"loc":{"start":{"line":21,"column":41},"end":{"line":30,"column":1}}}},"branchMap":{"0":{"loc":{"start":{"line":8,"column":19},"end":{"line":8,"column":53}},"type":"binary-expr","locations":[{"start":{"line":8,"column":19},"end":{"line":8,"column":41}},{"start":{"line":8,"column":45},"end":{"line":8,"column":53}}]},"1":{"loc":{"start":{"line":13,"column":2},"end":{"line":13,"column":103}},"type":"if","locations":[{"start":{"line":13,"column":2},"end":{"line":13,"column":103}},{"start":{},"end":{}}]},"2":{"loc":{"start":{"line":13,"column":6},"end":{"line":13,"column":28}},"type":"binary-expr","locations":[{"start":{"line":13,"column":6},"end":{"line":13,"column":15}},{"start":{"line":13,"column":19},"end":{"line":13,"column":28}}]},"3":{"loc":{"start":{"line":15,"column":2},"end":{"line":15,"column":80}},"type":"if","locations":[{"start":{"line":15,"column":2},"end":{"line":15,"column":80}},{"start":{},"end":{}}]},"4":{"loc":{"start":{"line":23,"column":2},"end":{"line":23,"column":103}},"type":"if","locations":[{"start":{"line":23,"column":2},"end":{"line":23,"column":103}},{"start":{},"end":{}}]},"5":{"loc":{"start":{"line":23,"column":6},"end":{"line":23,"column":28}},"type":"binary-expr","locations":[{"start":{"line":23,"column":6},"end":{"line":23,"column":15}},{"start":{"line":23,"column":19},"end":{"line":23,"column":28}}]},"6":{"loc":{"start":{"line":25,"column":2},"end":{"line":25,"column":75}},"type":"if","locations":[{"start":{"line":25,"column":2},"end":{"line":25,"column":75}},{"start":{},"end":{}}]},"7":{"loc":{"start":{"line":27,"column":2},"end":{"line":27,"column":73}},"type":"if","locations":[{"start":{"line":27,"column":2},"end":{"line":27,"column":73}},{"start":{},"end":{}}]}},"s":{"0":2,"1":2,"2":2,"3":2,"4":2,"5":2,"6":2,"7":2,"8":2,"9":2,"10":2,"11":0,"12":2,"13":2,"14":0,"15":2,"16":2,"17":2,"18":2,"19":2,"20":2,"21":0,"22":2,"23":2,"24":0,"25":2,"26":2,"27":0,"28":2,"29":2,"30":2},"f":{"0":2,"1":2},"b":{"0":[2,0],"1":[0,2],"2":[2,2],"3":[0,2],"4":[0,2],"5":[2,2],"6":[0,2],"7":[0,2]}}
,"C:\\Users\\bahae\\OneDrive\\Bureau\\Ellty\\ellty-test-2\\backend\\src\\routes\\trees.ts": {"path":"C:\\Users\\bahae\\OneDrive\\Bureau\\Ellty\\ellty-test-2\\backend\\src\\routes\\trees.ts","statementMap":{"0":{"start":{"line":1,"column":2},"end":{"line":1,"column":35}},"1":{"start":{"line":2,"column":2},"end":{"line":2,"column":33}},"2":{"start":{"line":3,"column":2},"end":{"line":3,"column":64}},"3":{"start":{"line":4,"column":2},"end":{"line":4,"column":45}},"4":{"start":{"line":6,"column":17},"end":{"line":6,"column":25}},"5":{"start":{"line":8,"column":2},"end":{"line":20,"column":5}},"6":{"start":{"line":9,"column":18},"end":{"line":18,"column":6}},"7":{"start":{"line":19,"column":4},"end":{"line":19,"column":20}},"8":{"start":{"line":22,"column":2},"end":{"line":45,"column":5}},"9":{"start":{"line":23,"column":28},"end":{"line":23,"column":36}},"10":{"start":{"line":24,"column":4},"end":{"line":25,"column":77}},"11":{"start":{"line":25,"column":6},"end":{"line":25,"column":77}},"12":{"start":{"line":26,"column":17},"end":{"line":31,"column":6}},"13":{"start":{"line":33,"column":21},"end":{"line":42,"column":6}},"14":{"start":{"line":44,"column":4},"end":{"line":44,"column":33}},"15":{"start":{"line":47,"column":2},"end":{"line":61,"column":5}},"16":{"start":{"line":48,"column":15},"end":{"line":48,"column":36}},"17":{"start":{"line":49,"column":17},"end":{"line":58,"column":6}},"18":{"start":{"line":59,"column":4},"end":{"line":59,"column":72}},"19":{"start":{"line":59,"column":15},"end":{"line":59,"column":72}},"20":{"start":{"line":60,"column":4},"end":{"line":60,"column":19}},"21":{"start":{"line":63,"column":2},"end":{"line":95,"column":5}},"22":{"start":{"line":64,"column":19},"end":{"line":64,"column":40}},"23":{"start":{"line":65,"column":48},"end":{"line":65,"column":56}},"24":{"start":{"line":66,"column":4},"end":{"line":67,"column":66}},"25":{"start":{"line":67,"column":6},"end":{"line":67,"column":66}},"26":{"start":{"line":68,"column":4},"end":{"line":69,"column":76}},"27":{"start":{"line":69,"column":6},"end":{"line":69,"column":76}},"28":{"start":{"line":71,"column":23},"end":{"line":71,"column":80}},"29":{"start":{"line":72,"column":4},"end":{"line":73,"column":70}},"30":{"start":{"line":73,"column":6},"end":{"line":73,"column":70}},"31":{"start":{"line":74,"column":4},"end":{"line":77,"column":64}},"32":{"start":{"line":75,"column":6},"end":{"line":77,"column":64}},"33":{"start":{"line":79,"column":4},"end":{"line":94,"column":5}},"34":{"start":{"line":80,"column":24},"end":{"line":80,"column":73}},"35":{"start":{"line":81,"column":22},"end":{"line":90,"column":8}},"36":{"start":{"line":91,"column":6},"end":{"line":91,"column":34}},"37":{"start":{"line":93,"column":6},"end":{"line":93,"column":72}},"38":{"start":{"line":97,"column":2},"end":{"line":97,"column":24}}},"fnMap":{"0":{"name":"(anonymous_1)","decl":{"start":{"line":8,"column":18},"end":{"line":8,"column":23}},"loc":{"start":{"line":8,"column":37},"end":{"line":20,"column":3}}},"1":{"name":"(anonymous_2)","decl":{"start":{"line":22,"column":32},"end":{"line":22,"column":37}},"loc":{"start":{"line":22,"column":64},"end":{"line":45,"column":3}}},"2":{"name":"(anonymous_3)","decl":{"start":{"line":47,"column":21},"end":{"line":47,"column":26}},"loc":{"start":{"line":47,"column":40},"end":{"line":61,"column":3}}},"3":{"name":"(anonymous_4)","decl":{"start":{"line":63,"column":46},"end":{"line":63,"column":51}},"loc":{"start":{"line":63,"column":78},"end":{"line":95,"column":3}}}},"branchMap":{"0":{"loc":{"start":{"line":24,"column":4},"end":{"line":25,"column":77}},"type":"if","locations":[{"start":{"line":24,"column":4},"end":{"line":25,"column":77}},{"start":{},"end":{}}]},"1":{"loc":{"start":{"line":59,"column":4},"end":{"line":59,"column":72}},"type":"if","locations":[{"start":{"line":59,"column":4},"end":{"line":59,"column":72}},{"start":{},"end":{}}]},"2":{"loc":{"start":{"line":66,"column":4},"end":{"line":67,"column":66}},"type":"if","locations":[{"start":{"line":66,"column":4},"end":{"line":67,"column":66}},{"start":{},"end":{}}]},"3":{"loc":{"start":{"line":68,"column":4},"end":{"line":69,"column":76}},"type":"if","locations":[{"start":{"line":68,"column":4},"end":{"line":69,"column":76}},{"start":{},"end":{}}]},"4":{"loc":{"start":{"line":72,"column":4},"end":{"line":73,"column":70}},"type":"if","locations":[{"start":{"line":72,"column":4},"end":{"line":73,"column":70}},{"start":{},"end":{}}]},"5":{"loc":{"start":{"line":74,"column":4},"end":{"line":77,"column":64}},"type":"if","locations":[{"start":{"line":74,"column":4},"end":{"line":77,"column":64}},{"start":{},"end":{}}]},"6":{"loc":{"start":{"line":93,"column":36},"end":{"line":93,"column":68}},"type":"binary-expr","locations":[{"start":{"line":93,"column":36},"end":{"line":93,"column":47}},{"start":{"line":93,"column":51},"end":{"line":93,"column":68}}]}},"s":{"0":2,"1":2,"2":2,"3":2,"4":2,"5":2,"6":1,"7":1,"8":2,"9":1,"10":1,"11":0,"12":1,"13":1,"14":1,"15":2,"16":0,"17":0,"18":0,"19":0,"20":0,"21":2,"22":0,"23":0,"24":0,"25":0,"26":0,"27":0,"28":0,"29":0,"30":0,"31":0,"32":0,"33":0,"34":0,"35":0,"36":0,"37":0,"38":2},"f":{"0":1,"1":1,"2":0,"3":0},"b":{"0":[0,1],"1":[0,0],"2":[0,0],"3":[0,0],"4":[0,0],"5":[0,0],"6":[0,0]}}
,"C:\\Users\\bahae\\OneDrive\\Bureau\\Ellty\\ellty-test-2\\backend\\src\\utils\\compute.ts": {"path":"C:\\Users\\bahae\\OneDrive\\Bureau\\Ellty\\ellty-test-2\\backend\\src\\utils\\compute.ts","statementMap":{"0":{"start":{"line":1,"column":0},"end":{"line":1,"column":16}},"1":{"start":{"line":2,"column":2},"end":{"line":11,"column":3}},"2":{"start":{"line":3,"column":14},"end":{"line":3,"column":36}},"3":{"start":{"line":4,"column":14},"end":{"line":4,"column":36}},"4":{"start":{"line":5,"column":14},"end":{"line":5,"column":36}},"5":{"start":{"line":7,"column":6},"end":{"line":7,"column":59}},"6":{"start":{"line":7,"column":23},"end":{"line":7,"column":59}},"7":{"start":{"line":8,"column":6},"end":{"line":8,"column":28}},"8":{"start":{"line":10,"column":6},"end":{"line":10,"column":43}}},"fnMap":{"0":{"name":"compute","decl":{"start":{"line":1,"column":16},"end":{"line":1,"column":23}},"loc":{"start":{"line":1,"column":65},"end":{"line":12,"column":1}}}},"branchMap":{"0":{"loc":{"start":{"line":2,"column":2},"end":{"line":11,"column":3}},"type":"switch","locations":[{"start":{"line":3,"column":4},"end":{"line":3,"column":36}},{"start":{"line":4,"column":4},"end":{"line":4,"column":36}},{"start":{"line":5,"column":4},"end":{"line":5,"column":36}},{"start":{"line":6,"column":4},"end":{"line":8,"column":28}},{"start":{"line":9,"column":4},"end":{"line":10,"column":43}}]},"1":{"loc":{"start":{"line":7,"column":6},"end":{"line":7,"column":59}},"type":"if","locations":[{"start":{"line":7,"column":6},"end":{"line":7,"column":59}},{"start":{},"end":{}}]}},"s":{"0":3,"1":6,"2":1,"3":1,"4":1,"5":2,"6":1,"7":1,"8":1},"f":{"0":6},"b":{"0":[1,1,1,2,1],"1":[1,1]}}
}
