TN:
SF:src\app.ts
FNF:0
FNH:0
DA:1,2
DA:2,2
DA:3,2
DA:5,2
DA:7,2
DA:8,2
DA:10,2
DA:11,2
DA:12,2
DA:14,2
DA:15,2
DA:17,2
LF:12
LH:12
BRF:0
BRH:0
end_of_record
TN:
SF:src\prisma.ts
FNF:0
FNH:0
DA:1,2
DA:3,2
DA:5,2
LF:3
LH:3
BRF:0
BRH:0
end_of_record
TN:
SF:src\server.ts
FN:4,(anonymous_1)
FNF:1
FNH:0
FNDA:0,(anonymous_1)
DA:1,0
DA:3,0
DA:4,0
DA:5,0
LF:4
LH:0
BRDA:3,0,0,0
BRDA:3,0,1,0
BRF:2
BRH:0
end_of_record
TN:
SF:src\middleware\auth.ts
FN:11,requireAuth
FNF:1
FNH:1
FNDA:1,requireAuth
DA:2,2
DA:3,2
DA:4,2
DA:5,2
DA:11,2
DA:12,1
DA:13,1
DA:14,1
DA:15,1
DA:16,1
DA:17,1
DA:18,1
DA:19,1
DA:21,0
LF:14
LH:13
BRDA:5,0,0,2
BRDA:5,0,1,0
BRDA:13,1,0,0
BRDA:13,1,1,1
BRDA:15,2,0,0
BRDA:15,2,1,1
BRF:6
BRH:3
end_of_record
TN:
SF:src\routes\auth.ts
FN:11,(anonymous_1)
FN:21,(anonymous_2)
FNF:2
FNH:2
FNDA:2,(anonymous_1)
FNDA:2,(anonymous_2)
DA:1,2
DA:2,2
DA:3,2
DA:4,2
DA:5,2
DA:6,2
DA:8,2
DA:9,2
DA:11,2
DA:12,2
DA:13,2
DA:14,2
DA:15,2
DA:16,2
DA:17,2
DA:18,2
DA:21,2
DA:22,2
DA:23,2
DA:24,2
DA:25,2
DA:26,2
DA:27,2
DA:28,2
DA:29,2
DA:32,2
LF:26
LH:26
BRDA:8,0,0,2
BRDA:8,0,1,0
BRDA:13,1,0,0
BRDA:13,1,1,2
BRDA:13,2,0,2
BRDA:13,2,1,2
BRDA:15,3,0,0
BRDA:15,3,1,2
BRDA:23,4,0,0
BRDA:23,4,1,2
BRDA:23,5,0,2
BRDA:23,5,1,2
BRDA:25,6,0,0
BRDA:25,6,1,2
BRDA:27,7,0,0
BRDA:27,7,1,2
BRF:16
BRH:10
end_of_record
TN:
SF:src\routes\trees.ts
FN:8,(anonymous_1)
FN:22,(anonymous_2)
FN:47,(anonymous_3)
FN:63,(anonymous_4)
FNF:4
FNH:2
FNDA:1,(anonymous_1)
FNDA:1,(anonymous_2)
FNDA:0,(anonymous_3)
FNDA:0,(anonymous_4)
DA:1,2
DA:2,2
DA:3,2
DA:4,2
DA:6,2
DA:8,2
DA:9,1
DA:19,1
DA:22,2
DA:23,1
DA:24,1
DA:25,0
DA:26,1
DA:33,1
DA:44,1
DA:47,2
DA:48,0
DA:49,0
DA:59,0
DA:60,0
DA:63,2
DA:64,0
DA:65,0
DA:66,0
DA:67,0
DA:68,0
DA:69,0
DA:71,0
DA:72,0
DA:73,0
DA:74,0
DA:75,0
DA:79,0
DA:80,0
DA:81,0
DA:91,0
DA:93,0
DA:97,2
LF:38
LH:17
BRDA:24,0,0,0
BRDA:24,0,1,1
BRDA:59,1,0,0
BRDA:59,1,1,0
BRDA:66,2,0,0
BRDA:66,2,1,0
BRDA:68,3,0,0
BRDA:68,3,1,0
BRDA:72,4,0,0
BRDA:72,4,1,0
BRDA:74,5,0,0
BRDA:74,5,1,0
BRDA:93,6,0,0
BRDA:93,6,1,0
BRF:14
BRH:1
end_of_record
TN:
SF:src\utils\compute.ts
FN:1,compute
FNF:1
FNH:1
FNDA:6,compute
DA:1,3
DA:2,6
DA:3,1
DA:4,1
DA:5,1
DA:7,2
DA:8,1
DA:10,1
LF:8
LH:8
BRDA:2,0,0,1
BRDA:2,0,1,1
BRDA:2,0,2,1
BRDA:2,0,3,2
BRDA:2,0,4,1
BRDA:7,1,0,1
BRDA:7,1,1,1
BRF:7
BRH:7
end_of_record
